[2024-10-31T07:23:46.315+0000] {local_task_job_runner.py:120} INFO - ::group::Pre task execution logs
[2024-10-31T07:23:46.358+0000] {taskinstance.py:2076} INFO - Dependencies all met for dep_context=non-requeueable deps ti=<TaskInstance: olist_analysis_pipeline.olist_analysis scheduled__2024-10-30T00:00:00+00:00 [queued]>
[2024-10-31T07:23:46.363+0000] {taskinstance.py:2076} INFO - Dependencies all met for dep_context=requeueable deps ti=<TaskInstance: olist_analysis_pipeline.olist_analysis scheduled__2024-10-30T00:00:00+00:00 [queued]>
[2024-10-31T07:23:46.363+0000] {taskinstance.py:2306} INFO - Starting attempt 1 of 4
[2024-10-31T07:23:46.371+0000] {taskinstance.py:2330} INFO - Executing <Task(SparkSubmitOperator): olist_analysis> on 2024-10-30 00:00:00+00:00
[2024-10-31T07:23:46.374+0000] {standard_task_runner.py:63} INFO - Started process 661 to run task
[2024-10-31T07:23:46.377+0000] {standard_task_runner.py:90} INFO - Running: ['airflow', 'tasks', 'run', 'olist_analysis_pipeline', 'olist_analysis', 'scheduled__2024-10-30T00:00:00+00:00', '--job-id', '3', '--raw', '--subdir', 'DAGS_FOLDER/olist_analysis_dag.py', '--cfg-path', '/tmp/tmpomajza67']
[2024-10-31T07:23:46.378+0000] {standard_task_runner.py:91} INFO - Job 3: Subtask olist_analysis
[2024-10-31T07:23:46.388+0000] {logging_mixin.py:188} WARNING - /home/airflow/.local/lib/python3.9/site-packages/airflow/settings.py:195 DeprecationWarning: The sql_alchemy_conn option in [core] has been moved to the sql_alchemy_conn option in [database] - the old setting has been used, but please update your config.
[2024-10-31T07:23:46.409+0000] {task_command.py:426} INFO - Running <TaskInstance: olist_analysis_pipeline.olist_analysis scheduled__2024-10-30T00:00:00+00:00 [running]> on host dataeng-airflow-scheduler
[2024-10-31T07:23:46.452+0000] {taskinstance.py:2648} INFO - Exporting env vars: AIRFLOW_CTX_DAG_OWNER='rian' AIRFLOW_CTX_DAG_ID='olist_analysis_pipeline' AIRFLOW_CTX_TASK_ID='olist_analysis' AIRFLOW_CTX_EXECUTION_DATE='2024-10-30T00:00:00+00:00' AIRFLOW_CTX_TRY_NUMBER='1' AIRFLOW_CTX_DAG_RUN_ID='scheduled__2024-10-30T00:00:00+00:00'
[2024-10-31T07:23:46.452+0000] {taskinstance.py:430} INFO - ::endgroup::
[2024-10-31T07:23:46.467+0000] {base.py:84} INFO - Using connection ID 'spark_main' for task execution.
[2024-10-31T07:23:46.468+0000] {spark_submit.py:473} INFO - Spark-Submit cmd: spark-submit --master spark://dataeng-spark-master:7077 --jars /spark-scripts/jars/jars_postgresql-42.2.20.jar --name arrow-spark /spark-scripts/olist_analysis.py
[2024-10-31T07:23:47.668+0000] {spark_submit.py:634} INFO - 24/10/31 07:23:47 WARN NativeCodeLoader: Unable to load native-hadoop library for your platform... using builtin-java classes where applicable
[2024-10-31T07:23:48.480+0000] {spark_submit.py:634} INFO - 24/10/31 07:23:48 INFO SparkContext: Running Spark version 3.3.2
[2024-10-31T07:23:48.499+0000] {spark_submit.py:634} INFO - 24/10/31 07:23:48 INFO ResourceUtils: ==============================================================
[2024-10-31T07:23:48.499+0000] {spark_submit.py:634} INFO - 24/10/31 07:23:48 INFO ResourceUtils: No custom resources configured for spark.driver.
[2024-10-31T07:23:48.499+0000] {spark_submit.py:634} INFO - 24/10/31 07:23:48 INFO ResourceUtils: ==============================================================
[2024-10-31T07:23:48.500+0000] {spark_submit.py:634} INFO - 24/10/31 07:23:48 INFO SparkContext: Submitted application: OlistAnalysis
[2024-10-31T07:23:48.515+0000] {spark_submit.py:634} INFO - 24/10/31 07:23:48 INFO ResourceProfile: Default ResourceProfile created, executor resources: Map(cores -> name: cores, amount: 1, script: , vendor: , memory -> name: memory, amount: 1024, script: , vendor: , offHeap -> name: offHeap, amount: 0, script: , vendor: ), task resources: Map(cpus -> name: cpus, amount: 1.0)
[2024-10-31T07:23:48.520+0000] {spark_submit.py:634} INFO - 24/10/31 07:23:48 INFO ResourceProfile: Limiting resource is cpu
[2024-10-31T07:23:48.521+0000] {spark_submit.py:634} INFO - 24/10/31 07:23:48 INFO ResourceProfileManager: Added ResourceProfile id: 0
[2024-10-31T07:23:48.557+0000] {spark_submit.py:634} INFO - 24/10/31 07:23:48 INFO SecurityManager: Changing view acls to: airflow
[2024-10-31T07:23:48.557+0000] {spark_submit.py:634} INFO - 24/10/31 07:23:48 INFO SecurityManager: Changing modify acls to: airflow
[2024-10-31T07:23:48.558+0000] {spark_submit.py:634} INFO - 24/10/31 07:23:48 INFO SecurityManager: Changing view acls groups to:
[2024-10-31T07:23:48.558+0000] {spark_submit.py:634} INFO - 24/10/31 07:23:48 INFO SecurityManager: Changing modify acls groups to:
[2024-10-31T07:23:48.558+0000] {spark_submit.py:634} INFO - 24/10/31 07:23:48 INFO SecurityManager: SecurityManager: authentication disabled; ui acls disabled; users  with view permissions: Set(airflow); groups with view permissions: Set(); users  with modify permissions: Set(airflow); groups with modify permissions: Set()
[2024-10-31T07:23:48.690+0000] {spark_submit.py:634} INFO - 24/10/31 07:23:48 INFO Utils: Successfully started service 'sparkDriver' on port 33167.
[2024-10-31T07:23:48.721+0000] {spark_submit.py:634} INFO - 24/10/31 07:23:48 INFO SparkEnv: Registering MapOutputTracker
[2024-10-31T07:23:48.746+0000] {spark_submit.py:634} INFO - 24/10/31 07:23:48 INFO SparkEnv: Registering BlockManagerMaster
[2024-10-31T07:23:48.756+0000] {spark_submit.py:634} INFO - 24/10/31 07:23:48 INFO BlockManagerMasterEndpoint: Using org.apache.spark.storage.DefaultTopologyMapper for getting topology information
[2024-10-31T07:23:48.757+0000] {spark_submit.py:634} INFO - 24/10/31 07:23:48 INFO BlockManagerMasterEndpoint: BlockManagerMasterEndpoint up
[2024-10-31T07:23:48.760+0000] {spark_submit.py:634} INFO - 24/10/31 07:23:48 INFO SparkEnv: Registering BlockManagerMasterHeartbeat
[2024-10-31T07:23:48.773+0000] {spark_submit.py:634} INFO - 24/10/31 07:23:48 INFO DiskBlockManager: Created local directory at /tmp/blockmgr-8f025283-8841-482c-8484-312afbf46f9d
[2024-10-31T07:23:48.782+0000] {spark_submit.py:634} INFO - 24/10/31 07:23:48 INFO MemoryStore: MemoryStore started with capacity 434.4 MiB
[2024-10-31T07:23:48.790+0000] {spark_submit.py:634} INFO - 24/10/31 07:23:48 INFO SparkEnv: Registering OutputCommitCoordinator
[2024-10-31T07:23:48.900+0000] {spark_submit.py:634} INFO - 24/10/31 07:23:48 INFO Utils: Successfully started service 'SparkUI' on port 4040.
[2024-10-31T07:23:48.925+0000] {spark_submit.py:634} INFO - 24/10/31 07:23:48 ERROR SparkContext: Failed to add /opt/bitnami/spark/jars/postgresql-42.2.18.jar to Spark environment
[2024-10-31T07:23:48.925+0000] {spark_submit.py:634} INFO - java.io.FileNotFoundException: Jar /opt/bitnami/spark/jars/postgresql-42.2.18.jar not found
[2024-10-31T07:23:48.925+0000] {spark_submit.py:634} INFO - at org.apache.spark.SparkContext.addLocalJarFile$1(SparkContext.scala:1959)
[2024-10-31T07:23:48.925+0000] {spark_submit.py:634} INFO - at org.apache.spark.SparkContext.addJar(SparkContext.scala:2014)
[2024-10-31T07:23:48.925+0000] {spark_submit.py:634} INFO - at org.apache.spark.SparkContext.$anonfun$new$12(SparkContext.scala:507)
[2024-10-31T07:23:48.925+0000] {spark_submit.py:634} INFO - at org.apache.spark.SparkContext.$anonfun$new$12$adapted(SparkContext.scala:507)
[2024-10-31T07:23:48.925+0000] {spark_submit.py:634} INFO - at scala.collection.mutable.ResizableArray.foreach(ResizableArray.scala:62)
[2024-10-31T07:23:48.926+0000] {spark_submit.py:634} INFO - at scala.collection.mutable.ResizableArray.foreach$(ResizableArray.scala:55)
[2024-10-31T07:23:48.926+0000] {spark_submit.py:634} INFO - at scala.collection.mutable.ArrayBuffer.foreach(ArrayBuffer.scala:49)
[2024-10-31T07:23:48.926+0000] {spark_submit.py:634} INFO - at org.apache.spark.SparkContext.<init>(SparkContext.scala:507)
[2024-10-31T07:23:48.926+0000] {spark_submit.py:634} INFO - at org.apache.spark.api.java.JavaSparkContext.<init>(JavaSparkContext.scala:58)
[2024-10-31T07:23:48.926+0000] {spark_submit.py:634} INFO - at java.base/jdk.internal.reflect.NativeConstructorAccessorImpl.newInstance0(Native Method)
[2024-10-31T07:23:48.926+0000] {spark_submit.py:634} INFO - at java.base/jdk.internal.reflect.NativeConstructorAccessorImpl.newInstance(NativeConstructorAccessorImpl.java:77)
[2024-10-31T07:23:48.927+0000] {spark_submit.py:634} INFO - at java.base/jdk.internal.reflect.DelegatingConstructorAccessorImpl.newInstance(DelegatingConstructorAccessorImpl.java:45)
[2024-10-31T07:23:48.927+0000] {spark_submit.py:634} INFO - at java.base/java.lang.reflect.Constructor.newInstanceWithCaller(Constructor.java:500)
[2024-10-31T07:23:48.927+0000] {spark_submit.py:634} INFO - at java.base/java.lang.reflect.Constructor.newInstance(Constructor.java:481)
[2024-10-31T07:23:48.927+0000] {spark_submit.py:634} INFO - at py4j.reflection.MethodInvoker.invoke(MethodInvoker.java:247)
[2024-10-31T07:23:48.927+0000] {spark_submit.py:634} INFO - at py4j.reflection.ReflectionEngine.invoke(ReflectionEngine.java:357)
[2024-10-31T07:23:48.927+0000] {spark_submit.py:634} INFO - at py4j.Gateway.invoke(Gateway.java:238)
[2024-10-31T07:23:48.927+0000] {spark_submit.py:634} INFO - at py4j.commands.ConstructorCommand.invokeConstructor(ConstructorCommand.java:80)
[2024-10-31T07:23:48.928+0000] {spark_submit.py:634} INFO - at py4j.commands.ConstructorCommand.execute(ConstructorCommand.java:69)
[2024-10-31T07:23:48.928+0000] {spark_submit.py:634} INFO - at py4j.ClientServerConnection.waitForCommands(ClientServerConnection.java:182)
[2024-10-31T07:23:48.928+0000] {spark_submit.py:634} INFO - at py4j.ClientServerConnection.run(ClientServerConnection.java:106)
[2024-10-31T07:23:48.928+0000] {spark_submit.py:634} INFO - at java.base/java.lang.Thread.run(Thread.java:840)
[2024-10-31T07:23:49.001+0000] {spark_submit.py:634} INFO - 24/10/31 07:23:49 INFO StandaloneAppClient$ClientEndpoint: Connecting to master spark://dibimbing-dataeng-spark-master:7077...
[2024-10-31T07:23:49.041+0000] {spark_submit.py:634} INFO - 24/10/31 07:23:49 INFO TransportClientFactory: Successfully created connection to dibimbing-dataeng-spark-master/172.18.0.3:7077 after 21 ms (0 ms spent in bootstraps)
[2024-10-31T07:23:49.221+0000] {spark_submit.py:634} INFO - 24/10/31 07:23:49 INFO StandaloneSchedulerBackend: Connected to Spark cluster with app ID app-20241031072349-0001
[2024-10-31T07:23:49.223+0000] {spark_submit.py:634} INFO - 24/10/31 07:23:49 INFO StandaloneAppClient$ClientEndpoint: Executor added: app-20241031072349-0001/0 on worker-20241031071950-172.18.0.4-42771 (172.18.0.4:42771) with 1 core(s)
[2024-10-31T07:23:49.227+0000] {spark_submit.py:634} INFO - 24/10/31 07:23:49 INFO StandaloneSchedulerBackend: Granted executor ID app-20241031072349-0001/0 on hostPort 172.18.0.4:42771 with 1 core(s), 1024.0 MiB RAM
[2024-10-31T07:23:49.232+0000] {spark_submit.py:634} INFO - 24/10/31 07:23:49 INFO Utils: Successfully started service 'org.apache.spark.network.netty.NettyBlockTransferService' on port 44483.
[2024-10-31T07:23:49.233+0000] {spark_submit.py:634} INFO - 24/10/31 07:23:49 INFO NettyBlockTransferService: Server created on dataeng-airflow-scheduler:44483
[2024-10-31T07:23:49.235+0000] {spark_submit.py:634} INFO - 24/10/31 07:23:49 INFO BlockManager: Using org.apache.spark.storage.RandomBlockReplicationPolicy for block replication policy
[2024-10-31T07:23:49.243+0000] {spark_submit.py:634} INFO - 24/10/31 07:23:49 INFO BlockManagerMaster: Registering BlockManager BlockManagerId(driver, dataeng-airflow-scheduler, 44483, None)
[2024-10-31T07:23:49.246+0000] {spark_submit.py:634} INFO - 24/10/31 07:23:49 INFO BlockManagerMasterEndpoint: Registering block manager dataeng-airflow-scheduler:44483 with 434.4 MiB RAM, BlockManagerId(driver, dataeng-airflow-scheduler, 44483, None)
[2024-10-31T07:23:49.248+0000] {spark_submit.py:634} INFO - 24/10/31 07:23:49 INFO BlockManagerMaster: Registered BlockManager BlockManagerId(driver, dataeng-airflow-scheduler, 44483, None)
[2024-10-31T07:23:49.250+0000] {spark_submit.py:634} INFO - 24/10/31 07:23:49 INFO BlockManager: Initialized BlockManager: BlockManagerId(driver, dataeng-airflow-scheduler, 44483, None)
[2024-10-31T07:23:49.304+0000] {spark_submit.py:634} INFO - 24/10/31 07:23:49 INFO StandaloneAppClient$ClientEndpoint: Executor updated: app-20241031072349-0001/0 is now RUNNING
[2024-10-31T07:23:49.424+0000] {spark_submit.py:634} INFO - 24/10/31 07:23:49 INFO StandaloneSchedulerBackend: SchedulerBackend is ready for scheduling beginning after reached minRegisteredResourcesRatio: 0.0
[2024-10-31T07:23:52.147+0000] {spark_submit.py:634} INFO - 24/10/31 07:23:52 WARN WindowExec: No Partition Defined for Window operation! Moving all data to a single partition, this can cause serious performance degradation.
[2024-10-31T07:23:52.165+0000] {spark_submit.py:634} INFO - 24/10/31 07:23:52 WARN WindowExec: No Partition Defined for Window operation! Moving all data to a single partition, this can cause serious performance degradation.
[2024-10-31T07:23:52.171+0000] {spark_submit.py:634} INFO - 24/10/31 07:23:52 WARN WindowExec: No Partition Defined for Window operation! Moving all data to a single partition, this can cause serious performance degradation.
[2024-10-31T07:23:54.829+0000] {spark_submit.py:634} INFO - 24/10/31 07:23:54 WARN WindowExec: No Partition Defined for Window operation! Moving all data to a single partition, this can cause serious performance degradation.
[2024-10-31T07:23:54.832+0000] {spark_submit.py:634} INFO - 24/10/31 07:23:54 WARN WindowExec: No Partition Defined for Window operation! Moving all data to a single partition, this can cause serious performance degradation.
[2024-10-31T07:23:55.305+0000] {spark_submit.py:634} INFO - 24/10/31 07:23:55 WARN WindowExec: No Partition Defined for Window operation! Moving all data to a single partition, this can cause serious performance degradation.
[2024-10-31T07:23:55.305+0000] {spark_submit.py:634} INFO - 24/10/31 07:23:55 WARN WindowExec: No Partition Defined for Window operation! Moving all data to a single partition, this can cause serious performance degradation.
[2024-10-31T07:23:59.051+0000] {spark_submit.py:634} INFO - 
[2024-10-31T07:23:59.060+0000] {spark_submit.py:634} INFO - === Customer Segmentation Summary ===
[2024-10-31T07:23:59.087+0000] {spark_submit.py:634} INFO - 24/10/31 07:23:59 WARN WindowExec: No Partition Defined for Window operation! Moving all data to a single partition, this can cause serious performance degradation.
[2024-10-31T07:23:59.088+0000] {spark_submit.py:634} INFO - 24/10/31 07:23:59 WARN WindowExec: No Partition Defined for Window operation! Moving all data to a single partition, this can cause serious performance degradation.
[2024-10-31T07:23:59.672+0000] {spark_submit.py:634} INFO - 24/10/31 07:23:59 WARN WindowExec: No Partition Defined for Window operation! Moving all data to a single partition, this can cause serious performance degradation.
[2024-10-31T07:23:59.673+0000] {spark_submit.py:634} INFO - 24/10/31 07:23:59 WARN WindowExec: No Partition Defined for Window operation! Moving all data to a single partition, this can cause serious performance degradation.
[2024-10-31T07:23:59.841+0000] {spark_submit.py:634} INFO - 24/10/31 07:23:59 WARN WindowExec: No Partition Defined for Window operation! Moving all data to a single partition, this can cause serious performance degradation.
[2024-10-31T07:23:59.842+0000] {spark_submit.py:634} INFO - 24/10/31 07:23:59 WARN WindowExec: No Partition Defined for Window operation! Moving all data to a single partition, this can cause serious performance degradation.
[2024-10-31T07:24:00.118+0000] {spark_submit.py:634} INFO - +----------------+--------------+------------------+
[2024-10-31T07:24:00.119+0000] {spark_submit.py:634} INFO - |customer_segment|customer_count|   avg_total_spent|
[2024-10-31T07:24:00.119+0000] {spark_submit.py:634} INFO - +----------------+--------------+------------------+
[2024-10-31T07:24:00.120+0000] {spark_submit.py:634} INFO - |         Premium|           552|  8.21144927536232|
[2024-10-31T07:24:00.120+0000] {spark_submit.py:634} INFO - |      High Value|         17491|25.349540335029356|
[2024-10-31T07:24:00.121+0000] {spark_submit.py:634} INFO - |    Medium Value|         62246| 99.51131462264473|
[2024-10-31T07:24:00.121+0000] {spark_submit.py:634} INFO - |       Low Value|         15131|459.29157887780656|
[2024-10-31T07:24:00.122+0000] {spark_submit.py:634} INFO - +----------------+--------------+------------------+
[2024-10-31T07:24:00.122+0000] {spark_submit.py:634} INFO - 
[2024-10-31T07:24:00.122+0000] {spark_submit.py:634} INFO - 
[2024-10-31T07:24:00.123+0000] {spark_submit.py:634} INFO - === Retention Metrics ===
[2024-10-31T07:24:01.326+0000] {spark_submit.py:634} INFO - +-----------------------+----------------+
[2024-10-31T07:24:01.327+0000] {spark_submit.py:634} INFO - |avg_days_between_orders|repeat_purchases|
[2024-10-31T07:24:01.327+0000] {spark_submit.py:634} INFO - +-----------------------+----------------+
[2024-10-31T07:24:01.328+0000] {spark_submit.py:634} INFO - |      86.47382640999662|            2961|
[2024-10-31T07:24:01.328+0000] {spark_submit.py:634} INFO - +-----------------------+----------------+
[2024-10-31T07:24:01.329+0000] {spark_submit.py:634} INFO - 
[2024-10-31T07:24:01.475+0000] {taskinstance.py:441} INFO - ::group::Post task execution logs
[2024-10-31T07:24:01.507+0000] {taskinstance.py:1206} INFO - Marking task as SUCCESS. dag_id=olist_analysis_pipeline, task_id=olist_analysis, run_id=scheduled__2024-10-30T00:00:00+00:00, execution_date=20241030T000000, start_date=20241031T072346, end_date=20241031T072401
[2024-10-31T07:24:01.530+0000] {local_task_job_runner.py:240} INFO - Task exited with return code 0
[2024-10-31T07:24:01.558+0000] {taskinstance.py:3498} INFO - 0 downstream tasks scheduled from follow-on schedule check
[2024-10-31T07:24:01.559+0000] {local_task_job_runner.py:222} INFO - ::endgroup::
