[2024-10-31T07:20:31.361+0000] {processor.py:161} INFO - Started process (PID=174) to work on /opt/airflow/dags/spark-pg-etl-dag-example.py
[2024-10-31T07:20:31.362+0000] {processor.py:830} INFO - Processing file /opt/airflow/dags/spark-pg-etl-dag-example.py for tasks to queue
[2024-10-31T07:20:31.363+0000] {logging_mixin.py:188} INFO - [2024-10-31T07:20:31.362+0000] {dagbag.py:545} INFO - Filling up the DagBag from /opt/airflow/dags/spark-pg-etl-dag-example.py
[2024-10-31T07:20:31.370+0000] {processor.py:840} INFO - DAG(s) 'spark-pg-etl-dag-example' retrieved from /opt/airflow/dags/spark-pg-etl-dag-example.py
[2024-10-31T07:20:31.431+0000] {logging_mixin.py:188} INFO - [2024-10-31T07:20:31.430+0000] {override.py:1829} INFO - Created Permission View: can delete on DAG:spark-pg-etl-dag-example
[2024-10-31T07:20:31.439+0000] {logging_mixin.py:188} INFO - [2024-10-31T07:20:31.439+0000] {override.py:1829} INFO - Created Permission View: can read on DAG:spark-pg-etl-dag-example
[2024-10-31T07:20:31.443+0000] {logging_mixin.py:188} INFO - [2024-10-31T07:20:31.443+0000] {override.py:1829} INFO - Created Permission View: can edit on DAG:spark-pg-etl-dag-example
[2024-10-31T07:20:31.444+0000] {logging_mixin.py:188} INFO - [2024-10-31T07:20:31.443+0000] {dag.py:3096} INFO - Sync 1 DAGs
[2024-10-31T07:20:31.449+0000] {logging_mixin.py:188} INFO - [2024-10-31T07:20:31.449+0000] {dag.py:3118} INFO - Creating ORM DAG for spark-pg-etl-dag-example
[2024-10-31T07:20:31.450+0000] {logging_mixin.py:188} INFO - [2024-10-31T07:20:31.450+0000] {dag.py:3954} INFO - Setting next_dagrun for spark-pg-etl-dag-example to None, run_after=None
[2024-10-31T07:20:31.457+0000] {processor.py:183} INFO - Processing /opt/airflow/dags/spark-pg-etl-dag-example.py took 0.100 seconds
[2024-10-31T07:21:01.722+0000] {processor.py:161} INFO - Started process (PID=194) to work on /opt/airflow/dags/spark-pg-etl-dag-example.py
[2024-10-31T07:21:01.723+0000] {processor.py:830} INFO - Processing file /opt/airflow/dags/spark-pg-etl-dag-example.py for tasks to queue
[2024-10-31T07:21:01.724+0000] {logging_mixin.py:188} INFO - [2024-10-31T07:21:01.724+0000] {dagbag.py:545} INFO - Filling up the DagBag from /opt/airflow/dags/spark-pg-etl-dag-example.py
[2024-10-31T07:21:01.731+0000] {processor.py:840} INFO - DAG(s) 'spark-pg-etl-dag-example' retrieved from /opt/airflow/dags/spark-pg-etl-dag-example.py
[2024-10-31T07:21:01.769+0000] {logging_mixin.py:188} INFO - [2024-10-31T07:21:01.768+0000] {dag.py:3096} INFO - Sync 1 DAGs
[2024-10-31T07:21:01.782+0000] {logging_mixin.py:188} INFO - [2024-10-31T07:21:01.782+0000] {dag.py:3954} INFO - Setting next_dagrun for spark-pg-etl-dag-example to None, run_after=None
[2024-10-31T07:21:01.795+0000] {processor.py:183} INFO - Processing /opt/airflow/dags/spark-pg-etl-dag-example.py took 0.078 seconds
[2024-10-31T07:21:32.241+0000] {processor.py:161} INFO - Started process (PID=214) to work on /opt/airflow/dags/spark-pg-etl-dag-example.py
[2024-10-31T07:21:32.241+0000] {processor.py:830} INFO - Processing file /opt/airflow/dags/spark-pg-etl-dag-example.py for tasks to queue
[2024-10-31T07:21:32.242+0000] {logging_mixin.py:188} INFO - [2024-10-31T07:21:32.242+0000] {dagbag.py:545} INFO - Filling up the DagBag from /opt/airflow/dags/spark-pg-etl-dag-example.py
[2024-10-31T07:21:32.248+0000] {processor.py:840} INFO - DAG(s) 'spark-pg-etl-dag-example' retrieved from /opt/airflow/dags/spark-pg-etl-dag-example.py
[2024-10-31T07:21:32.263+0000] {logging_mixin.py:188} INFO - [2024-10-31T07:21:32.262+0000] {dag.py:3096} INFO - Sync 1 DAGs
[2024-10-31T07:21:32.272+0000] {logging_mixin.py:188} INFO - [2024-10-31T07:21:32.272+0000] {dag.py:3954} INFO - Setting next_dagrun for spark-pg-etl-dag-example to None, run_after=None
[2024-10-31T07:21:32.282+0000] {processor.py:183} INFO - Processing /opt/airflow/dags/spark-pg-etl-dag-example.py took 0.045 seconds
[2024-10-31T07:22:02.848+0000] {processor.py:161} INFO - Started process (PID=234) to work on /opt/airflow/dags/spark-pg-etl-dag-example.py
[2024-10-31T07:22:02.849+0000] {processor.py:830} INFO - Processing file /opt/airflow/dags/spark-pg-etl-dag-example.py for tasks to queue
[2024-10-31T07:22:02.850+0000] {logging_mixin.py:188} INFO - [2024-10-31T07:22:02.850+0000] {dagbag.py:545} INFO - Filling up the DagBag from /opt/airflow/dags/spark-pg-etl-dag-example.py
[2024-10-31T07:22:02.858+0000] {processor.py:840} INFO - DAG(s) 'spark-pg-etl-dag-example' retrieved from /opt/airflow/dags/spark-pg-etl-dag-example.py
[2024-10-31T07:22:02.877+0000] {logging_mixin.py:188} INFO - [2024-10-31T07:22:02.877+0000] {dag.py:3096} INFO - Sync 1 DAGs
[2024-10-31T07:22:02.884+0000] {logging_mixin.py:188} INFO - [2024-10-31T07:22:02.884+0000] {dag.py:3954} INFO - Setting next_dagrun for spark-pg-etl-dag-example to None, run_after=None
[2024-10-31T07:22:02.894+0000] {processor.py:183} INFO - Processing /opt/airflow/dags/spark-pg-etl-dag-example.py took 0.065 seconds
[2024-10-31T07:22:33.327+0000] {processor.py:161} INFO - Started process (PID=254) to work on /opt/airflow/dags/spark-pg-etl-dag-example.py
[2024-10-31T07:22:33.328+0000] {processor.py:830} INFO - Processing file /opt/airflow/dags/spark-pg-etl-dag-example.py for tasks to queue
[2024-10-31T07:22:33.329+0000] {logging_mixin.py:188} INFO - [2024-10-31T07:22:33.329+0000] {dagbag.py:545} INFO - Filling up the DagBag from /opt/airflow/dags/spark-pg-etl-dag-example.py
[2024-10-31T07:22:33.335+0000] {processor.py:840} INFO - DAG(s) 'spark-pg-etl-dag-example' retrieved from /opt/airflow/dags/spark-pg-etl-dag-example.py
[2024-10-31T07:22:33.355+0000] {logging_mixin.py:188} INFO - [2024-10-31T07:22:33.355+0000] {dag.py:3096} INFO - Sync 1 DAGs
[2024-10-31T07:22:33.363+0000] {logging_mixin.py:188} INFO - [2024-10-31T07:22:33.363+0000] {dag.py:3954} INFO - Setting next_dagrun for spark-pg-etl-dag-example to None, run_after=None
[2024-10-31T07:22:33.376+0000] {processor.py:183} INFO - Processing /opt/airflow/dags/spark-pg-etl-dag-example.py took 0.052 seconds
[2024-10-31T07:23:03.832+0000] {processor.py:161} INFO - Started process (PID=272) to work on /opt/airflow/dags/spark-pg-etl-dag-example.py
[2024-10-31T07:23:03.833+0000] {processor.py:830} INFO - Processing file /opt/airflow/dags/spark-pg-etl-dag-example.py for tasks to queue
[2024-10-31T07:23:03.837+0000] {logging_mixin.py:188} INFO - [2024-10-31T07:23:03.837+0000] {dagbag.py:545} INFO - Filling up the DagBag from /opt/airflow/dags/spark-pg-etl-dag-example.py
[2024-10-31T07:23:03.849+0000] {processor.py:840} INFO - DAG(s) 'spark-pg-etl-dag-example' retrieved from /opt/airflow/dags/spark-pg-etl-dag-example.py
[2024-10-31T07:23:03.891+0000] {logging_mixin.py:188} INFO - [2024-10-31T07:23:03.891+0000] {dag.py:3096} INFO - Sync 1 DAGs
[2024-10-31T07:23:03.900+0000] {logging_mixin.py:188} INFO - [2024-10-31T07:23:03.900+0000] {dag.py:3954} INFO - Setting next_dagrun for spark-pg-etl-dag-example to None, run_after=None
[2024-10-31T07:23:03.913+0000] {processor.py:183} INFO - Processing /opt/airflow/dags/spark-pg-etl-dag-example.py took 0.092 seconds
[2024-10-31T07:23:34.257+0000] {processor.py:161} INFO - Started process (PID=442) to work on /opt/airflow/dags/spark-pg-etl-dag-example.py
[2024-10-31T07:23:34.258+0000] {processor.py:830} INFO - Processing file /opt/airflow/dags/spark-pg-etl-dag-example.py for tasks to queue
[2024-10-31T07:23:34.261+0000] {logging_mixin.py:188} INFO - [2024-10-31T07:23:34.261+0000] {dagbag.py:545} INFO - Filling up the DagBag from /opt/airflow/dags/spark-pg-etl-dag-example.py
[2024-10-31T07:23:34.272+0000] {processor.py:840} INFO - DAG(s) 'spark-pg-etl-dag-example' retrieved from /opt/airflow/dags/spark-pg-etl-dag-example.py
[2024-10-31T07:23:34.305+0000] {logging_mixin.py:188} INFO - [2024-10-31T07:23:34.305+0000] {dag.py:3096} INFO - Sync 1 DAGs
[2024-10-31T07:23:34.317+0000] {logging_mixin.py:188} INFO - [2024-10-31T07:23:34.316+0000] {dag.py:3954} INFO - Setting next_dagrun for spark-pg-etl-dag-example to None, run_after=None
[2024-10-31T07:23:34.338+0000] {processor.py:183} INFO - Processing /opt/airflow/dags/spark-pg-etl-dag-example.py took 0.101 seconds
[2024-10-31T07:24:04.686+0000] {processor.py:161} INFO - Started process (PID=992) to work on /opt/airflow/dags/spark-pg-etl-dag-example.py
[2024-10-31T07:24:04.688+0000] {processor.py:830} INFO - Processing file /opt/airflow/dags/spark-pg-etl-dag-example.py for tasks to queue
[2024-10-31T07:24:04.691+0000] {logging_mixin.py:188} INFO - [2024-10-31T07:24:04.691+0000] {dagbag.py:545} INFO - Filling up the DagBag from /opt/airflow/dags/spark-pg-etl-dag-example.py
[2024-10-31T07:24:04.707+0000] {processor.py:840} INFO - DAG(s) 'spark-pg-etl-dag-example' retrieved from /opt/airflow/dags/spark-pg-etl-dag-example.py
[2024-10-31T07:24:04.745+0000] {logging_mixin.py:188} INFO - [2024-10-31T07:24:04.745+0000] {dag.py:3096} INFO - Sync 1 DAGs
[2024-10-31T07:24:04.772+0000] {logging_mixin.py:188} INFO - [2024-10-31T07:24:04.772+0000] {dag.py:3954} INFO - Setting next_dagrun for spark-pg-etl-dag-example to None, run_after=None
[2024-10-31T07:24:04.792+0000] {processor.py:183} INFO - Processing /opt/airflow/dags/spark-pg-etl-dag-example.py took 0.129 seconds
[2024-10-31T07:24:35.156+0000] {processor.py:161} INFO - Started process (PID=1012) to work on /opt/airflow/dags/spark-pg-etl-dag-example.py
[2024-10-31T07:24:35.157+0000] {processor.py:830} INFO - Processing file /opt/airflow/dags/spark-pg-etl-dag-example.py for tasks to queue
[2024-10-31T07:24:35.159+0000] {logging_mixin.py:188} INFO - [2024-10-31T07:24:35.159+0000] {dagbag.py:545} INFO - Filling up the DagBag from /opt/airflow/dags/spark-pg-etl-dag-example.py
[2024-10-31T07:24:35.182+0000] {processor.py:840} INFO - DAG(s) 'spark-pg-etl-dag-example' retrieved from /opt/airflow/dags/spark-pg-etl-dag-example.py
[2024-10-31T07:24:35.213+0000] {logging_mixin.py:188} INFO - [2024-10-31T07:24:35.213+0000] {dag.py:3096} INFO - Sync 1 DAGs
[2024-10-31T07:24:35.228+0000] {logging_mixin.py:188} INFO - [2024-10-31T07:24:35.228+0000] {dag.py:3954} INFO - Setting next_dagrun for spark-pg-etl-dag-example to None, run_after=None
[2024-10-31T07:24:35.247+0000] {processor.py:183} INFO - Processing /opt/airflow/dags/spark-pg-etl-dag-example.py took 0.101 seconds
[2024-10-31T07:25:05.594+0000] {processor.py:161} INFO - Started process (PID=1032) to work on /opt/airflow/dags/spark-pg-etl-dag-example.py
[2024-10-31T07:25:05.596+0000] {processor.py:830} INFO - Processing file /opt/airflow/dags/spark-pg-etl-dag-example.py for tasks to queue
[2024-10-31T07:25:05.602+0000] {logging_mixin.py:188} INFO - [2024-10-31T07:25:05.602+0000] {dagbag.py:545} INFO - Filling up the DagBag from /opt/airflow/dags/spark-pg-etl-dag-example.py
[2024-10-31T07:25:05.616+0000] {processor.py:840} INFO - DAG(s) 'spark-pg-etl-dag-example' retrieved from /opt/airflow/dags/spark-pg-etl-dag-example.py
[2024-10-31T07:25:05.653+0000] {logging_mixin.py:188} INFO - [2024-10-31T07:25:05.653+0000] {dag.py:3096} INFO - Sync 1 DAGs
[2024-10-31T07:25:05.665+0000] {logging_mixin.py:188} INFO - [2024-10-31T07:25:05.665+0000] {dag.py:3954} INFO - Setting next_dagrun for spark-pg-etl-dag-example to None, run_after=None
[2024-10-31T07:25:05.679+0000] {processor.py:183} INFO - Processing /opt/airflow/dags/spark-pg-etl-dag-example.py took 0.095 seconds
