[2024-10-31T07:23:24.897+0000] {local_task_job_runner.py:120} INFO - ::group::Pre task execution logs
[2024-10-31T07:23:24.939+0000] {taskinstance.py:2076} INFO - Dependencies all met for dep_context=non-requeueable deps ti=<TaskInstance: olist_analysis_pipeline.olist_etl_load scheduled__2024-10-30T00:00:00+00:00 [queued]>
[2024-10-31T07:23:24.944+0000] {taskinstance.py:2076} INFO - Dependencies all met for dep_context=requeueable deps ti=<TaskInstance: olist_analysis_pipeline.olist_etl_load scheduled__2024-10-30T00:00:00+00:00 [queued]>
[2024-10-31T07:23:24.945+0000] {taskinstance.py:2306} INFO - Starting attempt 1 of 4
[2024-10-31T07:23:24.953+0000] {taskinstance.py:2330} INFO - Executing <Task(SparkSubmitOperator): olist_etl_load> on 2024-10-30 00:00:00+00:00
[2024-10-31T07:23:24.956+0000] {standard_task_runner.py:63} INFO - Started process 290 to run task
[2024-10-31T07:23:24.959+0000] {standard_task_runner.py:90} INFO - Running: ['airflow', 'tasks', 'run', 'olist_analysis_pipeline', 'olist_etl_load', 'scheduled__2024-10-30T00:00:00+00:00', '--job-id', '2', '--raw', '--subdir', 'DAGS_FOLDER/olist_analysis_dag.py', '--cfg-path', '/tmp/tmpmhsxcmvz']
[2024-10-31T07:23:24.961+0000] {standard_task_runner.py:91} INFO - Job 2: Subtask olist_etl_load
[2024-10-31T07:23:24.973+0000] {logging_mixin.py:188} WARNING - /home/airflow/.local/lib/python3.9/site-packages/airflow/settings.py:195 DeprecationWarning: The sql_alchemy_conn option in [core] has been moved to the sql_alchemy_conn option in [database] - the old setting has been used, but please update your config.
[2024-10-31T07:23:24.999+0000] {task_command.py:426} INFO - Running <TaskInstance: olist_analysis_pipeline.olist_etl_load scheduled__2024-10-30T00:00:00+00:00 [running]> on host dataeng-airflow-scheduler
[2024-10-31T07:23:25.059+0000] {taskinstance.py:2648} INFO - Exporting env vars: AIRFLOW_CTX_DAG_OWNER='rian' AIRFLOW_CTX_DAG_ID='olist_analysis_pipeline' AIRFLOW_CTX_TASK_ID='olist_etl_load' AIRFLOW_CTX_EXECUTION_DATE='2024-10-30T00:00:00+00:00' AIRFLOW_CTX_TRY_NUMBER='1' AIRFLOW_CTX_DAG_RUN_ID='scheduled__2024-10-30T00:00:00+00:00'
[2024-10-31T07:23:25.060+0000] {taskinstance.py:430} INFO - ::endgroup::
[2024-10-31T07:23:25.094+0000] {base.py:84} INFO - Using connection ID 'spark_main' for task execution.
[2024-10-31T07:23:25.095+0000] {spark_submit.py:473} INFO - Spark-Submit cmd: spark-submit --master spark://dataeng-spark-master:7077 --jars /spark-scripts/jars/jars_postgresql-42.2.20.jar --name arrow-spark /spark-scripts/olist_etl_load.py
[2024-10-31T07:23:27.060+0000] {spark_submit.py:634} INFO - 24/10/31 07:23:27 WARN NativeCodeLoader: Unable to load native-hadoop library for your platform... using builtin-java classes where applicable
[2024-10-31T07:23:27.897+0000] {spark_submit.py:634} INFO - 24/10/31 07:23:27 INFO SparkContext: Running Spark version 3.3.2
[2024-10-31T07:23:27.925+0000] {spark_submit.py:634} INFO - 24/10/31 07:23:27 INFO ResourceUtils: ==============================================================
[2024-10-31T07:23:27.925+0000] {spark_submit.py:634} INFO - 24/10/31 07:23:27 INFO ResourceUtils: No custom resources configured for spark.driver.
[2024-10-31T07:23:27.925+0000] {spark_submit.py:634} INFO - 24/10/31 07:23:27 INFO ResourceUtils: ==============================================================
[2024-10-31T07:23:27.926+0000] {spark_submit.py:634} INFO - 24/10/31 07:23:27 INFO SparkContext: Submitted application: OlistETL
[2024-10-31T07:23:27.947+0000] {spark_submit.py:634} INFO - 24/10/31 07:23:27 INFO ResourceProfile: Default ResourceProfile created, executor resources: Map(cores -> name: cores, amount: 1, script: , vendor: , memory -> name: memory, amount: 1024, script: , vendor: , offHeap -> name: offHeap, amount: 0, script: , vendor: ), task resources: Map(cpus -> name: cpus, amount: 1.0)
[2024-10-31T07:23:27.952+0000] {spark_submit.py:634} INFO - 24/10/31 07:23:27 INFO ResourceProfile: Limiting resource is cpu
[2024-10-31T07:23:27.952+0000] {spark_submit.py:634} INFO - 24/10/31 07:23:27 INFO ResourceProfileManager: Added ResourceProfile id: 0
[2024-10-31T07:23:28.007+0000] {spark_submit.py:634} INFO - 24/10/31 07:23:28 INFO SecurityManager: Changing view acls to: airflow
[2024-10-31T07:23:28.008+0000] {spark_submit.py:634} INFO - 24/10/31 07:23:28 INFO SecurityManager: Changing modify acls to: airflow
[2024-10-31T07:23:28.008+0000] {spark_submit.py:634} INFO - 24/10/31 07:23:28 INFO SecurityManager: Changing view acls groups to:
[2024-10-31T07:23:28.008+0000] {spark_submit.py:634} INFO - 24/10/31 07:23:28 INFO SecurityManager: Changing modify acls groups to:
[2024-10-31T07:23:28.008+0000] {spark_submit.py:634} INFO - 24/10/31 07:23:28 INFO SecurityManager: SecurityManager: authentication disabled; ui acls disabled; users  with view permissions: Set(airflow); groups with view permissions: Set(); users  with modify permissions: Set(airflow); groups with modify permissions: Set()
[2024-10-31T07:23:28.178+0000] {spark_submit.py:634} INFO - 24/10/31 07:23:28 INFO Utils: Successfully started service 'sparkDriver' on port 36047.
[2024-10-31T07:23:28.201+0000] {spark_submit.py:634} INFO - 24/10/31 07:23:28 INFO SparkEnv: Registering MapOutputTracker
[2024-10-31T07:23:28.224+0000] {spark_submit.py:634} INFO - 24/10/31 07:23:28 INFO SparkEnv: Registering BlockManagerMaster
[2024-10-31T07:23:28.237+0000] {spark_submit.py:634} INFO - 24/10/31 07:23:28 INFO BlockManagerMasterEndpoint: Using org.apache.spark.storage.DefaultTopologyMapper for getting topology information
[2024-10-31T07:23:28.238+0000] {spark_submit.py:634} INFO - 24/10/31 07:23:28 INFO BlockManagerMasterEndpoint: BlockManagerMasterEndpoint up
[2024-10-31T07:23:28.242+0000] {spark_submit.py:634} INFO - 24/10/31 07:23:28 INFO SparkEnv: Registering BlockManagerMasterHeartbeat
[2024-10-31T07:23:28.259+0000] {spark_submit.py:634} INFO - 24/10/31 07:23:28 INFO DiskBlockManager: Created local directory at /tmp/blockmgr-96c3d8ad-256a-48a6-95dd-8be95ecffa4c
[2024-10-31T07:23:28.269+0000] {spark_submit.py:634} INFO - 24/10/31 07:23:28 INFO MemoryStore: MemoryStore started with capacity 434.4 MiB
[2024-10-31T07:23:28.282+0000] {spark_submit.py:634} INFO - 24/10/31 07:23:28 INFO SparkEnv: Registering OutputCommitCoordinator
[2024-10-31T07:23:28.393+0000] {spark_submit.py:634} INFO - 24/10/31 07:23:28 INFO Utils: Successfully started service 'SparkUI' on port 4040.
[2024-10-31T07:23:28.420+0000] {spark_submit.py:634} INFO - 24/10/31 07:23:28 ERROR SparkContext: Failed to add /opt/bitnami/spark/jars/postgresql-42.2.18.jar to Spark environment
[2024-10-31T07:23:28.420+0000] {spark_submit.py:634} INFO - java.io.FileNotFoundException: Jar /opt/bitnami/spark/jars/postgresql-42.2.18.jar not found
[2024-10-31T07:23:28.420+0000] {spark_submit.py:634} INFO - at org.apache.spark.SparkContext.addLocalJarFile$1(SparkContext.scala:1959)
[2024-10-31T07:23:28.420+0000] {spark_submit.py:634} INFO - at org.apache.spark.SparkContext.addJar(SparkContext.scala:2014)
[2024-10-31T07:23:28.420+0000] {spark_submit.py:634} INFO - at org.apache.spark.SparkContext.$anonfun$new$12(SparkContext.scala:507)
[2024-10-31T07:23:28.420+0000] {spark_submit.py:634} INFO - at org.apache.spark.SparkContext.$anonfun$new$12$adapted(SparkContext.scala:507)
[2024-10-31T07:23:28.421+0000] {spark_submit.py:634} INFO - at scala.collection.mutable.ResizableArray.foreach(ResizableArray.scala:62)
[2024-10-31T07:23:28.421+0000] {spark_submit.py:634} INFO - at scala.collection.mutable.ResizableArray.foreach$(ResizableArray.scala:55)
[2024-10-31T07:23:28.421+0000] {spark_submit.py:634} INFO - at scala.collection.mutable.ArrayBuffer.foreach(ArrayBuffer.scala:49)
[2024-10-31T07:23:28.421+0000] {spark_submit.py:634} INFO - at org.apache.spark.SparkContext.<init>(SparkContext.scala:507)
[2024-10-31T07:23:28.421+0000] {spark_submit.py:634} INFO - at org.apache.spark.api.java.JavaSparkContext.<init>(JavaSparkContext.scala:58)
[2024-10-31T07:23:28.421+0000] {spark_submit.py:634} INFO - at java.base/jdk.internal.reflect.NativeConstructorAccessorImpl.newInstance0(Native Method)
[2024-10-31T07:23:28.421+0000] {spark_submit.py:634} INFO - at java.base/jdk.internal.reflect.NativeConstructorAccessorImpl.newInstance(NativeConstructorAccessorImpl.java:77)
[2024-10-31T07:23:28.421+0000] {spark_submit.py:634} INFO - at java.base/jdk.internal.reflect.DelegatingConstructorAccessorImpl.newInstance(DelegatingConstructorAccessorImpl.java:45)
[2024-10-31T07:23:28.421+0000] {spark_submit.py:634} INFO - at java.base/java.lang.reflect.Constructor.newInstanceWithCaller(Constructor.java:500)
[2024-10-31T07:23:28.422+0000] {spark_submit.py:634} INFO - at java.base/java.lang.reflect.Constructor.newInstance(Constructor.java:481)
[2024-10-31T07:23:28.422+0000] {spark_submit.py:634} INFO - at py4j.reflection.MethodInvoker.invoke(MethodInvoker.java:247)
[2024-10-31T07:23:28.422+0000] {spark_submit.py:634} INFO - at py4j.reflection.ReflectionEngine.invoke(ReflectionEngine.java:357)
[2024-10-31T07:23:28.422+0000] {spark_submit.py:634} INFO - at py4j.Gateway.invoke(Gateway.java:238)
[2024-10-31T07:23:28.422+0000] {spark_submit.py:634} INFO - at py4j.commands.ConstructorCommand.invokeConstructor(ConstructorCommand.java:80)
[2024-10-31T07:23:28.422+0000] {spark_submit.py:634} INFO - at py4j.commands.ConstructorCommand.execute(ConstructorCommand.java:69)
[2024-10-31T07:23:28.422+0000] {spark_submit.py:634} INFO - at py4j.ClientServerConnection.waitForCommands(ClientServerConnection.java:182)
[2024-10-31T07:23:28.422+0000] {spark_submit.py:634} INFO - at py4j.ClientServerConnection.run(ClientServerConnection.java:106)
[2024-10-31T07:23:28.422+0000] {spark_submit.py:634} INFO - at java.base/java.lang.Thread.run(Thread.java:840)
[2024-10-31T07:23:28.506+0000] {spark_submit.py:634} INFO - 24/10/31 07:23:28 INFO StandaloneAppClient$ClientEndpoint: Connecting to master spark://dibimbing-dataeng-spark-master:7077...
[2024-10-31T07:23:28.552+0000] {spark_submit.py:634} INFO - 24/10/31 07:23:28 INFO TransportClientFactory: Successfully created connection to dibimbing-dataeng-spark-master/172.18.0.3:7077 after 24 ms (0 ms spent in bootstraps)
[2024-10-31T07:23:28.795+0000] {spark_submit.py:634} INFO - 24/10/31 07:23:28 INFO StandaloneSchedulerBackend: Connected to Spark cluster with app ID app-20241031072328-0000
[2024-10-31T07:23:28.800+0000] {spark_submit.py:634} INFO - 24/10/31 07:23:28 INFO Utils: Successfully started service 'org.apache.spark.network.netty.NettyBlockTransferService' on port 35195.
[2024-10-31T07:23:28.801+0000] {spark_submit.py:634} INFO - 24/10/31 07:23:28 INFO NettyBlockTransferService: Server created on dataeng-airflow-scheduler:35195
[2024-10-31T07:23:28.802+0000] {spark_submit.py:634} INFO - 24/10/31 07:23:28 INFO BlockManager: Using org.apache.spark.storage.RandomBlockReplicationPolicy for block replication policy
[2024-10-31T07:23:28.807+0000] {spark_submit.py:634} INFO - 24/10/31 07:23:28 INFO BlockManagerMaster: Registering BlockManager BlockManagerId(driver, dataeng-airflow-scheduler, 35195, None)
[2024-10-31T07:23:28.810+0000] {spark_submit.py:634} INFO - 24/10/31 07:23:28 INFO BlockManagerMasterEndpoint: Registering block manager dataeng-airflow-scheduler:35195 with 434.4 MiB RAM, BlockManagerId(driver, dataeng-airflow-scheduler, 35195, None)
[2024-10-31T07:23:28.812+0000] {spark_submit.py:634} INFO - 24/10/31 07:23:28 INFO BlockManagerMaster: Registered BlockManager BlockManagerId(driver, dataeng-airflow-scheduler, 35195, None)
[2024-10-31T07:23:28.813+0000] {spark_submit.py:634} INFO - 24/10/31 07:23:28 INFO BlockManager: Initialized BlockManager: BlockManagerId(driver, dataeng-airflow-scheduler, 35195, None)
[2024-10-31T07:23:28.830+0000] {spark_submit.py:634} INFO - 24/10/31 07:23:28 INFO StandaloneAppClient$ClientEndpoint: Executor added: app-20241031072328-0000/0 on worker-20241031071950-172.18.0.4-42771 (172.18.0.4:42771) with 1 core(s)
[2024-10-31T07:23:28.832+0000] {spark_submit.py:634} INFO - 24/10/31 07:23:28 INFO StandaloneSchedulerBackend: Granted executor ID app-20241031072328-0000/0 on hostPort 172.18.0.4:42771 with 1 core(s), 1024.0 MiB RAM
[2024-10-31T07:23:28.978+0000] {spark_submit.py:634} INFO - 24/10/31 07:23:28 INFO StandaloneSchedulerBackend: SchedulerBackend is ready for scheduling beginning after reached minRegisteredResourcesRatio: 0.0
[2024-10-31T07:23:45.180+0000] {spark_submit.py:634} INFO - ETL process completed successfully!
[2024-10-31T07:23:45.441+0000] {taskinstance.py:441} INFO - ::group::Post task execution logs
[2024-10-31T07:23:45.471+0000] {taskinstance.py:1206} INFO - Marking task as SUCCESS. dag_id=olist_analysis_pipeline, task_id=olist_etl_load, run_id=scheduled__2024-10-30T00:00:00+00:00, execution_date=20241030T000000, start_date=20241031T072324, end_date=20241031T072345
[2024-10-31T07:23:45.535+0000] {local_task_job_runner.py:240} INFO - Task exited with return code 0
[2024-10-31T07:23:45.558+0000] {taskinstance.py:3498} INFO - 1 downstream tasks scheduled from follow-on schedule check
[2024-10-31T07:23:45.559+0000] {local_task_job_runner.py:222} INFO - ::endgroup::
